<?xml version="1.0" encoding="UTF-8"?>
<testng-results skipped="0" failed="0" total="1" passed="1">
  <reporter-output>
  </reporter-output>
  <suite name="Default suite" duration-ms="15899" started-at="2018-05-24T23:25:11Z" finished-at="2018-05-24T23:25:27Z">
    <groups>
    </groups>
    <test name="Default test" duration-ms="15899" started-at="2018-05-24T23:25:11Z" finished-at="2018-05-24T23:25:27Z">
      <class name="orange_tests.EmployeeTest">
        <test-method status="PASS" signature="beforeTest()[pri:0, instance:orange_tests.EmployeeTest@69c81773]" name="beforeTest" is-config="true" duration-ms="5042" started-at="2018-05-24T19:25:11Z" finished-at="2018-05-24T19:25:16Z">
          <reporter-output>
          </reporter-output>
        </test-method> <!-- beforeTest -->
        <test-method status="PASS" signature="setup()[pri:0, instance:orange_tests.EmployeeTest@69c81773]" name="setup" is-config="true" duration-ms="1125" started-at="2018-05-24T19:25:16Z" finished-at="2018-05-24T19:25:17Z">
          <reporter-output>
          </reporter-output>
        </test-method> <!-- setup -->
        <test-method status="PASS" signature="verifyEmployeeCreation()[pri:0, instance:orange_tests.EmployeeTest@69c81773]" name="verifyEmployeeCreation" duration-ms="8179" started-at="2018-05-24T19:25:17Z" finished-at="2018-05-24T19:25:26Z">
          <reporter-output>
          </reporter-output>
        </test-method> <!-- verifyEmployeeCreation -->
        <test-method status="PASS" signature="teardown()[pri:0, instance:orange_tests.EmployeeTest@69c81773]" name="teardown" is-config="true" duration-ms="0" started-at="2018-05-24T19:25:26Z" finished-at="2018-05-24T19:25:26Z">
          <reporter-output>
          </reporter-output>
        </test-method> <!-- teardown -->
        <test-method status="PASS" signature="afterTest()[pri:0, instance:orange_tests.EmployeeTest@69c81773]" name="afterTest" is-config="true" duration-ms="1544" started-at="2018-05-24T19:25:26Z" finished-at="2018-05-24T19:25:27Z">
          <reporter-output>
          </reporter-output>
        </test-method> <!-- afterTest -->
      </class> <!-- orange_tests.EmployeeTest -->
    </test> <!-- Default test -->
  </suite> <!-- Default suite -->
</testng-results>
